<?xml version="1.0" encoding="UTF-8"?>
<!-- Generated by org.testng.reporters.JUnitXMLReporter -->
<testsuite hostname="DESKTOP-FLNQL3P" failures="0" tests="1" name="Test" time="5.23" errors="0" timestamp="10 Sep 2021 11:30:55 GMT">
  <testcase classname="testCases.Homepage" name="@BeforeMethod setUp" time="0.0">
    <failure type="java.lang.NoSuchMethodError" message="&amp;apos;org.openqa.selenium.chromium.ChromiumOptions org.openqa.selenium.chrome.ChromeOptions.addArguments(java.lang.String[])&amp;apos;">
      <![CDATA[java.lang.NoSuchMethodError: 'org.openqa.selenium.chromium.ChromiumOptions org.openqa.selenium.chrome.ChromeOptions.addArguments(java.lang.String[])'
	at helpers.TestBase.setUp(TestBase.java:32)
... Removed 26 stack frames]]>
    </failure>
  </testcase> <!-- @BeforeMethod setUp -->
  <testcase classname="testCases.Homepage" name="@AfterMethod tearDown" time="0.0">
    <skipped/>
  </testcase> <!-- @AfterMethod tearDown -->
  <testcase classname="testCases.Homepage" name="Homepage1" time="0.006">
    <skipped/>
  </testcase> <!-- Homepage1 -->
</testsuite> <!-- Test -->
