<?xml version="1.0" encoding="UTF-8"?>
<testng-results total="1" passed="1" failed="0" skipped="0">
  <reporter-output>
  </reporter-output>
  <suite started-at="2021-10-08T09:02:17Z" name="Default suite" finished-at="2021-10-08T09:02:29Z" duration-ms="12714">
    <groups>
    </groups>
    <test started-at="2021-10-08T09:02:17Z" name="Default test" finished-at="2021-10-08T09:02:29Z" duration-ms="12714">
      <class name="testCases.ResetPassword">
        <test-method is-config="true" signature="setUp()[pri:0, instance:testCases.ResetPassword@3f91b517]" started-at="2021-10-08T10:02:17Z" name="setUp" finished-at="2021-10-08T10:02:23Z" duration-ms="6405" status="PASS">
          <reporter-output>
          </reporter-output>
        </test-method> <!-- setUp -->
        <test-method signature="ResetPasswordForAccount()[pri:0, instance:testCases.ResetPassword@3f91b517]" started-at="2021-10-08T10:02:23Z" name="ResetPasswordForAccount" finished-at="2021-10-08T10:02:29Z" duration-ms="5480" status="PASS">
          <reporter-output>
          </reporter-output>
        </test-method> <!-- ResetPasswordForAccount -->
        <test-method is-config="true" signature="tearDown()[pri:0, instance:testCases.ResetPassword@3f91b517]" started-at="2021-10-08T10:02:29Z" name="tearDown" finished-at="2021-10-08T10:02:29Z" duration-ms="813" status="PASS">
          <reporter-output>
          </reporter-output>
        </test-method> <!-- tearDown -->
      </class> <!-- testCases.ResetPassword -->
    </test> <!-- Default test -->
  </suite> <!-- Default suite -->
</testng-results>
